INFO (04/07/2024 04:23:00): Тестируем файл на данные (Line: 19) [conftest.py]
DEBUG (04/07/2024 04:23:00): Selenium Manager binary found at: C:\Users\User PC\PycharmProjects\gnida\Lib\site-packages\selenium\webdriver\common\windows\selenium-manager.exe (Line: 90) [selenium_manager.py]
DEBUG (04/07/2024 04:23:00): Executing process: C:\Users\User PC\PycharmProjects\gnida\Lib\site-packages\selenium\webdriver\common\windows\selenium-manager.exe --browser chrome --debug --language-binding python --output json (Line: 103) [selenium_manager.py]
DEBUG (04/07/2024 04:23:00): chromedriver not found in PATH (Line: 129) [selenium_manager.py]
DEBUG (04/07/2024 04:23:00): chrome detected at C:\Program Files\Google\Chrome\Application\chrome.exe (Line: 129) [selenium_manager.py]
DEBUG (04/07/2024 04:23:00): Running command: wmic datafile where name='C:\\Program Files\\Google\\Chrome\\Application\\chrome.exe' get Version /value (Line: 129) [selenium_manager.py]
DEBUG (04/07/2024 04:23:00): Output: "\r\r\n\r\r\nVersion=126.0.6478.127\r\r\n\r\r\n\r\r\n\r" (Line: 129) [selenium_manager.py]
DEBUG (04/07/2024 04:23:00): Detected browser: chrome 126.0.6478.127 (Line: 129) [selenium_manager.py]
DEBUG (04/07/2024 04:23:00): Required driver: chromedriver 126.0.6478.126 (Line: 129) [selenium_manager.py]
DEBUG (04/07/2024 04:23:00): chromedriver 126.0.6478.126 already in the cache (Line: 129) [selenium_manager.py]
DEBUG (04/07/2024 04:23:00): Driver path: C:\Users\User PC\.cache\selenium\chromedriver\win64\126.0.6478.126\chromedriver.exe (Line: 129) [selenium_manager.py]
DEBUG (04/07/2024 04:23:00): Browser path: C:\Program Files\Google\Chrome\Application\chrome.exe (Line: 129) [selenium_manager.py]
DEBUG (04/07/2024 04:23:00): Started executable: `C:\Users\User PC\.cache\selenium\chromedriver\win64\126.0.6478.126\chromedriver.exe` in a child process with pid: 640 using 0 to output -3 (Line: 219) [service.py]
DEBUG (04/07/2024 04:23:00): POST http://localhost:62770/session {'capabilities': {'firstMatch': [{}], 'alwaysMatch': {'browserName': 'chrome', 'pageLoadStrategy': <PageLoadStrategy.normal: 'normal'>, 'browserVersion': None, 'goog:chromeOptions': {'extensions': [], 'binary': 'C:\\Program Files\\Google\\Chrome\\Application\\chrome.exe', 'args': []}}}} (Line: 301) [remote_connection.py]
DEBUG (04/07/2024 04:23:00): Starting new HTTP connection (1): localhost:62770 (Line: 243) [connectionpool.py]
DEBUG (04/07/2024 04:23:01): http://localhost:62770 "POST /session HTTP/11" 200 0 (Line: 546) [connectionpool.py]
DEBUG (04/07/2024 04:23:01): Remote response: status=200 | data={"value":{"capabilities":{"acceptInsecureCerts":false,"browserName":"chrome","browserVersion":"126.0.6478.127","chrome":{"chromedriverVersion":"126.0.6478.126 (d36ace6122e0a59570e258d82441395206d60e1c-refs/branch-heads/6478@{#1591})","userDataDir":"C:\\Users\\USERPC~1\\AppData\\Local\\Temp\\scoped_dir640_929187534"},"fedcm:accounts":true,"goog:chromeOptions":{"debuggerAddress":"localhost:62773"},"networkConnectionEnabled":false,"pageLoadStrategy":"normal","platformName":"windows","proxy":{},"setWindowRect":true,"strictFileInteractability":false,"timeouts":{"implicit":0,"pageLoad":300000,"script":30000},"unhandledPromptBehavior":"dismiss and notify","webauthn:extension:credBlob":true,"webauthn:extension:largeBlob":true,"webauthn:extension:minPinLength":true,"webauthn:extension:prf":true,"webauthn:virtualAuthenticators":true},"sessionId":"42411201c9eb66973b278ec28fcf150f"}} | headers=HTTPHeaderDict({'Content-Length': '884', 'Content-Type': 'application/json; charset=utf-8', 'cache-control': 'no-cache'}) (Line: 330) [remote_connection.py]
DEBUG (04/07/2024 04:23:01): Finished Request (Line: 357) [remote_connection.py]
DEBUG (04/07/2024 04:23:01): POST http://localhost:62770/session/42411201c9eb66973b278ec28fcf150f/timeouts {'implicit': 60000} (Line: 301) [remote_connection.py]
DEBUG (04/07/2024 04:23:01): http://localhost:62770 "POST /session/42411201c9eb66973b278ec28fcf150f/timeouts HTTP/11" 200 0 (Line: 546) [connectionpool.py]
DEBUG (04/07/2024 04:23:01): Remote response: status=200 | data={"value":null} | headers=HTTPHeaderDict({'Content-Length': '14', 'Content-Type': 'application/json; charset=utf-8', 'cache-control': 'no-cache'}) (Line: 330) [remote_connection.py]
DEBUG (04/07/2024 04:23:01): Finished Request (Line: 357) [remote_connection.py]
DEBUG (04/07/2024 04:23:01): POST http://localhost:62770/session/42411201c9eb66973b278ec28fcf150f/url {'url': 'https://github.com/microsoft/vscode/issues'} (Line: 301) [remote_connection.py]
DEBUG (04/07/2024 04:23:10): http://localhost:62770 "POST /session/42411201c9eb66973b278ec28fcf150f/url HTTP/11" 200 0 (Line: 546) [connectionpool.py]
DEBUG (04/07/2024 04:23:10): Remote response: status=200 | data={"value":null} | headers=HTTPHeaderDict({'Content-Length': '14', 'Content-Type': 'application/json; charset=utf-8', 'cache-control': 'no-cache'}) (Line: 330) [remote_connection.py]
DEBUG (04/07/2024 04:23:10): Finished Request (Line: 357) [remote_connection.py]
DEBUG (04/07/2024 04:23:10): POST http://localhost:62770/session/42411201c9eb66973b278ec28fcf150f/element {'using': 'xpath', 'value': "(//span[@class='dropdown-caret hide-sm'])[1]"} (Line: 301) [remote_connection.py]
DEBUG (04/07/2024 04:23:10): http://localhost:62770 "POST /session/42411201c9eb66973b278ec28fcf150f/element HTTP/11" 200 0 (Line: 546) [connectionpool.py]
DEBUG (04/07/2024 04:23:10): Remote response: status=200 | data={"value":{"element-6066-11e4-a52e-4f735466cecf":"f.27F8E71D41A74F77369558E560131ADE.d.5877E7E85F002A5D7759700CC6C42117.e.45"}} | headers=HTTPHeaderDict({'Content-Length': '126', 'Content-Type': 'application/json; charset=utf-8', 'cache-control': 'no-cache'}) (Line: 330) [remote_connection.py]
DEBUG (04/07/2024 04:23:10): Finished Request (Line: 357) [remote_connection.py]
DEBUG (04/07/2024 04:23:10): POST http://localhost:62770/session/42411201c9eb66973b278ec28fcf150f/element/f.27F8E71D41A74F77369558E560131ADE.d.5877E7E85F002A5D7759700CC6C42117.e.45/click {} (Line: 301) [remote_connection.py]
DEBUG (04/07/2024 04:23:10): http://localhost:62770 "POST /session/42411201c9eb66973b278ec28fcf150f/element/f.27F8E71D41A74F77369558E560131ADE.d.5877E7E85F002A5D7759700CC6C42117.e.45/click HTTP/11" 200 0 (Line: 546) [connectionpool.py]
DEBUG (04/07/2024 04:23:10): Remote response: status=200 | data={"value":null} | headers=HTTPHeaderDict({'Content-Length': '14', 'Content-Type': 'application/json; charset=utf-8', 'cache-control': 'no-cache'}) (Line: 330) [remote_connection.py]
DEBUG (04/07/2024 04:23:10): Finished Request (Line: 357) [remote_connection.py]
DEBUG (04/07/2024 04:23:10): POST http://localhost:62770/session/42411201c9eb66973b278ec28fcf150f/element {'using': 'css selector', 'value': '[id="author-filter-field"]'} (Line: 301) [remote_connection.py]
DEBUG (04/07/2024 04:23:10): http://localhost:62770 "POST /session/42411201c9eb66973b278ec28fcf150f/element HTTP/11" 200 0 (Line: 546) [connectionpool.py]
DEBUG (04/07/2024 04:23:10): Remote response: status=200 | data={"value":{"element-6066-11e4-a52e-4f735466cecf":"f.27F8E71D41A74F77369558E560131ADE.d.5877E7E85F002A5D7759700CC6C42117.e.41"}} | headers=HTTPHeaderDict({'Content-Length': '126', 'Content-Type': 'application/json; charset=utf-8', 'cache-control': 'no-cache'}) (Line: 330) [remote_connection.py]
DEBUG (04/07/2024 04:23:10): Finished Request (Line: 357) [remote_connection.py]
DEBUG (04/07/2024 04:23:10): POST http://localhost:62770/session/42411201c9eb66973b278ec28fcf150f/element/f.27F8E71D41A74F77369558E560131ADE.d.5877E7E85F002A5D7759700CC6C42117.e.41/value {'text': 'b', 'value': ['b']} (Line: 301) [remote_connection.py]
DEBUG (04/07/2024 04:23:10): http://localhost:62770 "POST /session/42411201c9eb66973b278ec28fcf150f/element/f.27F8E71D41A74F77369558E560131ADE.d.5877E7E85F002A5D7759700CC6C42117.e.41/value HTTP/11" 200 0 (Line: 546) [connectionpool.py]
DEBUG (04/07/2024 04:23:10): Remote response: status=200 | data={"value":null} | headers=HTTPHeaderDict({'Content-Length': '14', 'Content-Type': 'application/json; charset=utf-8', 'cache-control': 'no-cache'}) (Line: 330) [remote_connection.py]
DEBUG (04/07/2024 04:23:10): Finished Request (Line: 357) [remote_connection.py]
DEBUG (04/07/2024 04:23:11): POST http://localhost:62770/session/42411201c9eb66973b278ec28fcf150f/element/f.27F8E71D41A74F77369558E560131ADE.d.5877E7E85F002A5D7759700CC6C42117.e.41/value {'text': 'p', 'value': ['p']} (Line: 301) [remote_connection.py]
DEBUG (04/07/2024 04:23:11): http://localhost:62770 "POST /session/42411201c9eb66973b278ec28fcf150f/element/f.27F8E71D41A74F77369558E560131ADE.d.5877E7E85F002A5D7759700CC6C42117.e.41/value HTTP/11" 200 0 (Line: 546) [connectionpool.py]
DEBUG (04/07/2024 04:23:11): Remote response: status=200 | data={"value":null} | headers=HTTPHeaderDict({'Content-Length': '14', 'Content-Type': 'application/json; charset=utf-8', 'cache-control': 'no-cache'}) (Line: 330) [remote_connection.py]
DEBUG (04/07/2024 04:23:11): Finished Request (Line: 357) [remote_connection.py]
DEBUG (04/07/2024 04:23:11): POST http://localhost:62770/session/42411201c9eb66973b278ec28fcf150f/element/f.27F8E71D41A74F77369558E560131ADE.d.5877E7E85F002A5D7759700CC6C42117.e.41/value {'text': 'a', 'value': ['a']} (Line: 301) [remote_connection.py]
DEBUG (04/07/2024 04:23:12): http://localhost:62770 "POST /session/42411201c9eb66973b278ec28fcf150f/element/f.27F8E71D41A74F77369558E560131ADE.d.5877E7E85F002A5D7759700CC6C42117.e.41/value HTTP/11" 200 0 (Line: 546) [connectionpool.py]
DEBUG (04/07/2024 04:23:12): Remote response: status=200 | data={"value":null} | headers=HTTPHeaderDict({'Content-Length': '14', 'Content-Type': 'application/json; charset=utf-8', 'cache-control': 'no-cache'}) (Line: 330) [remote_connection.py]
DEBUG (04/07/2024 04:23:12): Finished Request (Line: 357) [remote_connection.py]
DEBUG (04/07/2024 04:23:12): POST http://localhost:62770/session/42411201c9eb66973b278ec28fcf150f/element/f.27F8E71D41A74F77369558E560131ADE.d.5877E7E85F002A5D7759700CC6C42117.e.41/value {'text': 's', 'value': ['s']} (Line: 301) [remote_connection.py]
DEBUG (04/07/2024 04:23:12): http://localhost:62770 "POST /session/42411201c9eb66973b278ec28fcf150f/element/f.27F8E71D41A74F77369558E560131ADE.d.5877E7E85F002A5D7759700CC6C42117.e.41/value HTTP/11" 200 0 (Line: 546) [connectionpool.py]
DEBUG (04/07/2024 04:23:12): Remote response: status=200 | data={"value":null} | headers=HTTPHeaderDict({'Content-Length': '14', 'Content-Type': 'application/json; charset=utf-8', 'cache-control': 'no-cache'}) (Line: 330) [remote_connection.py]
DEBUG (04/07/2024 04:23:12): Finished Request (Line: 357) [remote_connection.py]
DEBUG (04/07/2024 04:23:13): POST http://localhost:62770/session/42411201c9eb66973b278ec28fcf150f/element/f.27F8E71D41A74F77369558E560131ADE.d.5877E7E85F002A5D7759700CC6C42117.e.41/value {'text': 'e', 'value': ['e']} (Line: 301) [remote_connection.py]
DEBUG (04/07/2024 04:23:13): http://localhost:62770 "POST /session/42411201c9eb66973b278ec28fcf150f/element/f.27F8E71D41A74F77369558E560131ADE.d.5877E7E85F002A5D7759700CC6C42117.e.41/value HTTP/11" 200 0 (Line: 546) [connectionpool.py]
DEBUG (04/07/2024 04:23:13): Remote response: status=200 | data={"value":null} | headers=HTTPHeaderDict({'Content-Length': '14', 'Content-Type': 'application/json; charset=utf-8', 'cache-control': 'no-cache'}) (Line: 330) [remote_connection.py]
DEBUG (04/07/2024 04:23:13): Finished Request (Line: 357) [remote_connection.py]
DEBUG (04/07/2024 04:23:13): POST http://localhost:62770/session/42411201c9eb66973b278ec28fcf150f/element/f.27F8E71D41A74F77369558E560131ADE.d.5877E7E85F002A5D7759700CC6C42117.e.41/value {'text': 'r', 'value': ['r']} (Line: 301) [remote_connection.py]
DEBUG (04/07/2024 04:23:13): http://localhost:62770 "POST /session/42411201c9eb66973b278ec28fcf150f/element/f.27F8E71D41A74F77369558E560131ADE.d.5877E7E85F002A5D7759700CC6C42117.e.41/value HTTP/11" 200 0 (Line: 546) [connectionpool.py]
DEBUG (04/07/2024 04:23:13): Remote response: status=200 | data={"value":null} | headers=HTTPHeaderDict({'Content-Length': '14', 'Content-Type': 'application/json; charset=utf-8', 'cache-control': 'no-cache'}) (Line: 330) [remote_connection.py]
DEBUG (04/07/2024 04:23:13): Finished Request (Line: 357) [remote_connection.py]
DEBUG (04/07/2024 04:23:14): POST http://localhost:62770/session/42411201c9eb66973b278ec28fcf150f/element/f.27F8E71D41A74F77369558E560131ADE.d.5877E7E85F002A5D7759700CC6C42117.e.41/value {'text': 'o', 'value': ['o']} (Line: 301) [remote_connection.py]
DEBUG (04/07/2024 04:23:14): http://localhost:62770 "POST /session/42411201c9eb66973b278ec28fcf150f/element/f.27F8E71D41A74F77369558E560131ADE.d.5877E7E85F002A5D7759700CC6C42117.e.41/value HTTP/11" 200 0 (Line: 546) [connectionpool.py]
DEBUG (04/07/2024 04:23:14): Remote response: status=200 | data={"value":null} | headers=HTTPHeaderDict({'Content-Length': '14', 'Content-Type': 'application/json; charset=utf-8', 'cache-control': 'no-cache'}) (Line: 330) [remote_connection.py]
DEBUG (04/07/2024 04:23:14): Finished Request (Line: 357) [remote_connection.py]
DEBUG (04/07/2024 04:23:14): POST http://localhost:62770/session/42411201c9eb66973b278ec28fcf150f/element {'using': 'css selector', 'value': '.js-new-item-name'} (Line: 301) [remote_connection.py]
DEBUG (04/07/2024 04:23:14): http://localhost:62770 "POST /session/42411201c9eb66973b278ec28fcf150f/element HTTP/11" 200 0 (Line: 546) [connectionpool.py]
DEBUG (04/07/2024 04:23:14): Remote response: status=200 | data={"value":{"element-6066-11e4-a52e-4f735466cecf":"f.27F8E71D41A74F77369558E560131ADE.d.5877E7E85F002A5D7759700CC6C42117.e.52"}} | headers=HTTPHeaderDict({'Content-Length': '126', 'Content-Type': 'application/json; charset=utf-8', 'cache-control': 'no-cache'}) (Line: 330) [remote_connection.py]
DEBUG (04/07/2024 04:23:14): Finished Request (Line: 357) [remote_connection.py]
DEBUG (04/07/2024 04:23:14): POST http://localhost:62770/session/42411201c9eb66973b278ec28fcf150f/element/f.27F8E71D41A74F77369558E560131ADE.d.5877E7E85F002A5D7759700CC6C42117.e.52/click {} (Line: 301) [remote_connection.py]
DEBUG (04/07/2024 04:23:17): http://localhost:62770 "POST /session/42411201c9eb66973b278ec28fcf150f/element/f.27F8E71D41A74F77369558E560131ADE.d.5877E7E85F002A5D7759700CC6C42117.e.52/click HTTP/11" 200 0 (Line: 546) [connectionpool.py]
DEBUG (04/07/2024 04:23:17): Remote response: status=200 | data={"value":null} | headers=HTTPHeaderDict({'Content-Length': '14', 'Content-Type': 'application/json; charset=utf-8', 'cache-control': 'no-cache'}) (Line: 330) [remote_connection.py]
DEBUG (04/07/2024 04:23:17): Finished Request (Line: 357) [remote_connection.py]
DEBUG (04/07/2024 04:23:22): DELETE http://localhost:62770/session/42411201c9eb66973b278ec28fcf150f {} (Line: 301) [remote_connection.py]
DEBUG (04/07/2024 04:23:22): http://localhost:62770 "DELETE /session/42411201c9eb66973b278ec28fcf150f HTTP/11" 200 0 (Line: 546) [connectionpool.py]
DEBUG (04/07/2024 04:23:22): Remote response: status=200 | data={"value":null} | headers=HTTPHeaderDict({'Content-Length': '14', 'Content-Type': 'application/json; charset=utf-8', 'cache-control': 'no-cache'}) (Line: 330) [remote_connection.py]
DEBUG (04/07/2024 04:23:22): Finished Request (Line: 357) [remote_connection.py]
